<?xml version="1.0" encoding="UTF-8"?>
<testsuite name="MainAppTest" tests="1" skipped="0" failures="0" errors="0" timestamp="2019-02-15T22:46:46" hostname="DESKTOP-ATMEA24" time="0.002">
  <properties/>
  <testcase name="test" classname="MainAppTest" time="0.002"/>
  <system-out><![CDATA[]]></system-out>
  <system-err><![CDATA[]]></system-err>
</testsuite>
